T06C0 000:012.203   SEGGER J-Link V9.14a Log File
T06C0 000:012.434   DLL Compiled: Jan 28 2026 17:11:52
T06C0 000:012.444   Logging started @ 2026-06-21 14:50
T06C0 000:012.454   Process: C:\Users\21068\.eclipse\com.renesas.platform_583169726\DebugComp\RA\e2-server-gdb.exe
T06C0 000:012.474 - 12.466ms 
T06C0 000:012.503 JLINK_GetDLLVersion()
T06C0 000:012.512 - 0.011ms returns 91401
T06C0 000:016.990 JLINK_OpenEx(...)
T06C0 000:027.734   Firmware: J-Link OB-RA4M2 compiled Dec 10 2025 15:52:53
T06C0 000:028.555   Firmware: J-Link OB-RA4M2 compiled Dec 10 2025 15:52:53
T06C0 000:042.689   Hardware: V1.00
T06C0 000:042.730   S/N: 1086976332
T06C0 000:042.742   OEM: SEGGER
T06C0 000:042.765   Feature(s): None
T06C0 000:043.527   Bootloader: 2021 May 14
T06C0 000:044.051   USB speed mode: Full speed (12 MBit/s)
T06C0 000:044.497   TELNET listener socket opened on port 19021
T06C0 000:044.714   WEBSRV WEBSRV_Init(): Starting webserver thread(s)
T06C0 000:045.033   WEBSRV Webserver running on local port 19080
T06C0 000:045.224   Looking for J-Link GUI Server exe at: C:\Users\21068\.eclipse\com.renesas.platform_583169726\DebugComp\RA\ARM\Segger_v9.14.1\JLinkGUIServer.exe
T06C0 000:045.375   Looking for J-Link GUI Server exe at: D:\jlink_dirver\JLink_V940\JLinkGUIServer.exe
T06C0 000:045.427   Forking J-Link GUI Server: D:\jlink_dirver\JLink_V940\JLinkGUIServer.exe
T06C0 000:140.391   J-Link GUI Server info: "J-Link GUI server V9.40 "
T06C0 000:145.199 - 128.200ms returns "O.K."
T06C0 000:145.389 JLINK_TIF_Select(JLINKARM_TIF_SWD)
T06C0 000:146.185 - 0.796ms returns 0x00
T06C0 000:146.208 JLINK_ClrRESET()
T06C0 000:146.493 - 0.283ms 
T06C0 000:196.824 JLINK_SetSpeed(1500)
T06C0 000:197.058 - 0.249ms 
T06C0 000:197.104 JLINK_CORESIGHT_Configure(PerformTIFInit=0)
T06C0 000:197.530 - 0.435ms returns 0
T06C0 000:197.556 JLINK_CORESIGHT_ReadAPDPReg(DP reg 0x00)
T06C0 000:197.990   Value=0x6BA02477
T06C0 000:198.014 - 0.462ms returns 0
T06C0 000:198.032 JLINK_CORESIGHT_WriteAPDPReg(DP reg 0x00, 0x0000001F)
T06C0 000:198.273 - 0.240ms returns 0
T06C0 000:198.304 JLINK_CORESIGHT_ReadAPDPReg(DP reg 0x00)
T06C0 000:198.603   Value=0x6BA02477
T06C0 000:198.616 - 0.312ms returns 0
T06C0 000:198.628 JLINK_CORESIGHT_WriteAPDPReg(DP reg 0x02, 0x00000000)
T06C0 000:199.008 - 0.379ms returns 0
T06C0 000:199.040 JLINK_CORESIGHT_WriteAPDPReg(DP reg 0x01, 0x50000000)
T06C0 000:200.493 - 1.451ms returns 0
T06C0 000:200.542 JLINK_CORESIGHT_ReadAPDPReg(DP reg 0x01)
T06C0 000:200.926   Value=0xF0000040
T06C0 000:200.961 - 0.419ms returns 0
T06C0 000:200.976 JLINK_CORESIGHT_WriteAPDPReg(DP reg 0x00, 0x0000001F)
T06C0 000:201.295 - 0.319ms returns 0
T06C0 000:201.351 JLINK_CORESIGHT_ReadAPDPReg(DP reg 0x00)
T06C0 000:203.239   Value=0x6BA02477
T06C0 000:203.272 - 1.921ms returns 0
T06C0 000:203.290 JLINK_CORESIGHT_WriteAPDPReg(DP reg 0x01, 0x54000000)
T06C0 000:203.627 - 0.337ms returns 0
T06C0 000:203.689 JLINK_CORESIGHT_WriteAPDPReg(DP reg 0x01, 0x50000F00)
T06C0 000:203.952 - 0.263ms returns 0
T06C0 000:203.984 JLINK_CORESIGHT_WriteAPDPReg(DP reg 0x02, 0x01000000)
T06C0 000:204.227 - 0.244ms returns 0
T06C0 000:204.245 JLINK_CORESIGHT_WriteAPDPReg(AP reg 0x00, 0x80000002)
T06C0 000:204.526 - 0.281ms returns 0
T06C0 000:204.548 JLINK_CORESIGHT_WriteAPDPReg(AP reg 0x01, 0x80011100)
T06C0 000:204.833 - 0.284ms returns 0
T06C0 000:204.858 JLINK_CORESIGHT_WriteAPDPReg(AP reg 0x03, 0x000000A5)
T06C0 000:205.123 - 0.265ms returns 0
T06C0 000:205.137 JLINK_CORESIGHT_WriteAPDPReg(AP reg 0x00, 0x80000002)
T06C0 000:205.381 - 0.243ms returns 0
T06C0 000:205.408 JLINK_CORESIGHT_WriteAPDPReg(AP reg 0x01, 0x80011100)
T06C0 000:205.735 - 0.327ms returns 0
T06C0 000:205.751 JLINK_CORESIGHT_ReadAPDPReg(AP reg 0x03)
T06C0 000:206.067   Value=0x000000A5
T06C0 000:206.097 - 0.346ms returns 0
T06C0 000:206.114 JLINK_ClrTMS()
T06C0 000:206.217 - 0.102ms 
T06C0 000:211.334 JLINK_SetTCK()
T06C0 000:211.540 - 0.205ms returns 0
T06C0 000:217.284 JLINK_SetRESET()
T06C0 000:217.557 - 0.271ms 
T06C0 000:418.359 JLINK_CORESIGHT_WriteAPDPReg(AP reg 0x00, 0x80000002)
T06C0 000:418.861 - 0.502ms returns 0
T06C0 000:418.899 JLINK_CORESIGHT_WriteAPDPReg(AP reg 0x01, 0x80011100)
T06C0 000:419.174 - 0.276ms returns 0
T06C0 000:419.193 JLINK_CORESIGHT_ReadAPDPReg(AP reg 0x03)
T06C0 000:420.029   Value=0x00000000
T06C0 000:420.280 - 1.086ms returns 0
T06C0 000:420.304 JLINK_CORESIGHT_WriteAPDPReg(AP reg 0x00, 0x80000002)
T06C0 000:420.637 - 0.333ms returns 0
T06C0 000:420.663 JLINK_CORESIGHT_WriteAPDPReg(AP reg 0x01, 0x80011140)
T06C0 000:420.989 - 0.325ms returns 0
T06C0 000:421.032 JLINK_CORESIGHT_ReadAPDPReg(AP reg 0x03)
T06C0 000:421.512   Value=0x00000002
T06C0 000:421.537 - 0.504ms returns 0
T06C0 000:421.551 JLINK_CORESIGHT_WriteAPDPReg(AP reg 0x00, 0x80000002)
T06C0 000:421.907 - 0.356ms returns 0
T06C0 000:421.930 JLINK_CORESIGHT_WriteAPDPReg(AP reg 0x01, 0x80011120)
T06C0 000:422.280 - 0.345ms returns 0
T06C0 000:422.307 JLINK_CORESIGHT_WriteAPDPReg(AP reg 0x03, 0x00000055)
T06C0 000:422.694 - 0.386ms returns 0
T06C0 000:422.722 JLINK_CORESIGHT_WriteAPDPReg(AP reg 0x00, 0x80000002)
T06C0 000:423.078 - 0.356ms returns 0
T06C0 000:423.102 JLINK_CORESIGHT_WriteAPDPReg(AP reg 0x01, 0x80011140)
T06C0 000:423.431 - 0.329ms returns 0
T06C0 000:423.455 JLINK_CORESIGHT_ReadAPDPReg(AP reg 0x03)
T06C0 000:423.865   Value=0x00000002
T06C0 000:423.890 - 0.434ms returns 0
T06C0 000:423.902 JLINK_CORESIGHT_ReadAPDPReg(AP reg 0x03)
T06C0 000:424.211   Value=0x00000002
T06C0 000:424.241 - 0.338ms returns 0
T06C0 000:424.255 JLINK_CORESIGHT_ReadAPDPReg(AP reg 0x03)
T06C0 000:424.699   Value=0x00000002
T06C0 000:424.728 - 0.472ms returns 0
T06C0 000:424.744 JLINK_CORESIGHT_ReadAPDPReg(AP reg 0x03)
T06C0 000:425.140   Value=0x00000002
T06C0 000:425.165 - 0.421ms returns 0
T06C0 000:425.178 JLINK_CORESIGHT_ReadAPDPReg(AP reg 0x03)
T06C0 000:425.492   Value=0x00000002
T06C0 000:425.517 - 0.338ms returns 0
T06C0 000:425.530 JLINK_CORESIGHT_ReadAPDPReg(AP reg 0x03)
T06C0 000:425.819   Value=0x00000002
T06C0 000:425.846 - 0.315ms returns 0
T06C0 000:425.860 JLINK_CORESIGHT_ReadAPDPReg(AP reg 0x03)
T06C0 000:426.302   Value=0x00000002
T06C0 000:426.340 - 0.479ms returns 0
T06C0 000:426.356 JLINK_CORESIGHT_ReadAPDPReg(AP reg 0x03)
T06C0 000:426.746   Value=0x00000002
T06C0 000:426.770 - 0.414ms returns 0
T06C0 000:426.783 JLINK_CORESIGHT_ReadAPDPReg(AP reg 0x03)
T06C0 000:427.198   Value=0x00000002
T06C0 000:427.225 - 0.442ms returns 0
T06C0 000:427.242 JLINK_CORESIGHT_ReadAPDPReg(AP reg 0x03)
T06C0 000:427.540   Value=0x00000002
T06C0 000:427.570 - 0.328ms returns 0
T06C0 000:427.600 JLINK_CORESIGHT_ReadAPDPReg(AP reg 0x03)
T06C0 000:427.898   Value=0x00000002
T06C0 000:427.925 - 0.325ms returns 0
T06C0 000:427.956 JLINK_CORESIGHT_ReadAPDPReg(AP reg 0x03)
T06C0 000:428.240   Value=0x00000002
T06C0 000:428.269 - 0.312ms returns 0
T06C0 000:428.902 JLINK_CORESIGHT_ReadAPDPReg(AP reg 0x03)
T06C0 000:429.311   Value=0x00000002
T06C0 000:429.340 - 0.438ms returns 0
T06C0 000:429.353 JLINK_CORESIGHT_ReadAPDPReg(AP reg 0x03)
T06C0 000:429.635   Value=0x00000002
T06C0 000:429.651 - 0.297ms returns 0
T06C0 000:429.673 JLINK_CORESIGHT_ReadAPDPReg(AP reg 0x03)
T06C0 000:429.979   Value=0x00000002
T06C0 000:430.008 - 0.334ms returns 0
T06C0 000:430.024 JLINK_CORESIGHT_ReadAPDPReg(AP reg 0x03)
T06C0 000:431.479   Value=0x00000002
T06C0 000:431.504 - 1.480ms returns 0
T06C0 000:431.519 JLINK_CORESIGHT_ReadAPDPReg(AP reg 0x03)
T06C0 000:431.809   Value=0x00000002
T06C0 000:431.825 - 0.306ms returns 0
T06C0 000:431.839 JLINK_CORESIGHT_ReadAPDPReg(AP reg 0x03)
T06C0 000:432.169   Value=0x00000002
T06C0 000:432.180 - 0.341ms returns 0
T06C0 000:432.189 JLINK_CORESIGHT_ReadAPDPReg(AP reg 0x03)
T06C0 000:432.474   Value=0x00000002
T06C0 000:432.499 - 0.309ms returns 0
T06C0 000:432.517 JLINK_CORESIGHT_ReadAPDPReg(AP reg 0x03)
T06C0 000:432.777   Value=0x00000002
T06C0 000:432.796 - 0.279ms returns 0
T06C0 000:432.808 JLINK_CORESIGHT_ReadAPDPReg(AP reg 0x03)
T06C0 000:433.081   Value=0x00000002
T06C0 000:433.114 - 0.306ms returns 0
T06C0 000:433.127 JLINK_CORESIGHT_ReadAPDPReg(AP reg 0x03)
T06C0 000:434.589   Value=0x00000002
T06C0 000:434.606 - 1.479ms returns 0
T06C0 000:434.621 JLINK_CORESIGHT_ReadAPDPReg(AP reg 0x03)
T06C0 000:435.414   Value=0x00000000
T06C0 000:435.556 - 0.933ms returns 0
T06C0 000:435.596 JLINK_CORESIGHT_WriteAPDPReg(AP reg 0x00, 0x80000002)
T06C0 000:435.865 - 0.269ms returns 0
T06C0 000:435.889 JLINK_CORESIGHT_WriteAPDPReg(AP reg 0x01, 0x80011130)
T06C0 000:436.130 - 0.241ms returns 0
T06C0 000:436.143 JLINK_CORESIGHT_ReadAPDPReg(AP reg 0x03)
T06C0 000:436.425   Value=0x000000C6
T06C0 000:436.471 - 0.327ms returns 0
T06C0 000:436.524 JLINK_CORESIGHT_WriteAPDPReg(AP reg 0x00, 0x80000002)
T06C0 000:436.768 - 0.244ms returns 0
T06C0 000:436.786 JLINK_CORESIGHT_WriteAPDPReg(AP reg 0x01, 0x80011140)
T06C0 000:437.080 - 0.293ms returns 0
T06C0 000:437.113 JLINK_CORESIGHT_ReadAPDPReg(AP reg 0x03)
T06C0 000:437.410   Value=0x00000002
T06C0 000:437.431 - 0.318ms returns 0
T06C0 000:437.446 JLINK_CORESIGHT_WriteAPDPReg(AP reg 0x00, 0x80000002)
T06C0 000:437.747 - 0.300ms returns 0
T06C0 000:437.776 JLINK_CORESIGHT_WriteAPDPReg(AP reg 0x01, 0x80011120)
T06C0 000:438.069 - 0.292ms returns 0
T06C0 000:438.103 JLINK_CORESIGHT_WriteAPDPReg(AP reg 0x03, 0x3A010001)
T06C0 000:438.374 - 0.271ms returns 0
T06C0 000:438.407 JLINK_CORESIGHT_WriteAPDPReg(AP reg 0x00, 0x80000002)
T06C0 000:438.648 - 0.241ms returns 0
T06C0 000:438.695 JLINK_CORESIGHT_WriteAPDPReg(AP reg 0x01, 0x80011140)
T06C0 000:438.956 - 0.261ms returns 0
T06C0 000:438.973 JLINK_CORESIGHT_ReadAPDPReg(AP reg 0x03)
T06C0 000:439.271   Value=0x00000002
T06C0 000:439.285 - 0.312ms returns 0
T06C0 000:439.300 JLINK_CORESIGHT_WriteAPDPReg(AP reg 0x00, 0x80000002)
T06C0 000:439.609 - 0.309ms returns 0
T06C0 000:439.633 JLINK_CORESIGHT_WriteAPDPReg(AP reg 0x01, 0x80011120)
T06C0 000:439.915 - 0.282ms returns 0
T06C0 000:439.931 JLINK_CORESIGHT_WriteAPDPReg(AP reg 0x03, 0x000003C5)
T06C0 000:440.193 - 0.262ms returns 0
T06C0 000:440.206 JLINK_CORESIGHT_WriteAPDPReg(AP reg 0x00, 0x80000002)
T06C0 000:440.420 - 0.215ms returns 0
T06C0 000:440.433 JLINK_CORESIGHT_WriteAPDPReg(AP reg 0x01, 0x80011140)
T06C0 000:440.726 - 0.293ms returns 0
T06C0 000:440.738 JLINK_CORESIGHT_ReadAPDPReg(AP reg 0x03)
T06C0 000:441.078   Value=0x00000002
T06C0 000:441.093 - 0.354ms returns 0
T06C0 000:441.105 JLINK_CORESIGHT_ReadAPDPReg(AP reg 0x03)
T06C0 000:441.380   Value=0x00000002
T06C0 000:441.398 - 0.293ms returns 0
T06C0 000:441.410 JLINK_CORESIGHT_ReadAPDPReg(AP reg 0x03)
T06C0 000:441.772   Value=0x00000002
T06C0 000:441.801 - 0.390ms returns 0
T06C0 000:441.817 JLINK_CORESIGHT_ReadAPDPReg(AP reg 0x03)
T06C0 000:442.117   Value=0x00000002
T06C0 000:442.148 - 0.331ms returns 0
T06C0 000:442.162 JLINK_CORESIGHT_ReadAPDPReg(AP reg 0x03)
T06C0 000:442.437   Value=0x00000000
T06C0 000:442.455 - 0.292ms returns 0
T06C0 000:442.469 JLINK_CORESIGHT_WriteAPDPReg(AP reg 0x00, 0x80000002)
T06C0 000:442.769 - 0.300ms returns 0
T06C0 000:442.811 JLINK_CORESIGHT_WriteAPDPReg(AP reg 0x01, 0x80011130)
T06C0 000:443.076 - 0.266ms returns 0
T06C0 000:443.093 JLINK_CORESIGHT_ReadAPDPReg(AP reg 0x03)
T06C0 000:443.407   Value=0x3A2A0081
T06C0 000:443.437 - 0.343ms returns 0
T06C0 000:443.453 JLINK_CORESIGHT_WriteAPDPReg(AP reg 0x00, 0x80000002)
T06C0 000:443.735 - 0.282ms returns 0
T06C0 000:443.756 JLINK_CORESIGHT_WriteAPDPReg(AP reg 0x01, 0x80011140)
T06C0 000:444.032 - 0.277ms returns 0
T06C0 000:444.051 JLINK_CORESIGHT_ReadAPDPReg(AP reg 0x03)
T06C0 000:444.414   Value=0x00000000
T06C0 000:444.452 - 0.401ms returns 0
T06C0 000:444.469 JLINK_CORESIGHT_WriteAPDPReg(AP reg 0x00, 0x80000002)
T06C0 000:444.732 - 0.264ms returns 0
T06C0 000:444.754 JLINK_CORESIGHT_WriteAPDPReg(AP reg 0x01, 0x80011130)
T06C0 000:444.992 - 0.238ms returns 0
T06C0 000:445.006 JLINK_CORESIGHT_ReadAPDPReg(AP reg 0x03)
T06C0 000:445.284   Value=0x808D5B00
T06C0 000:445.296 - 0.290ms returns 0
T06C0 000:445.307 JLINK_CORESIGHT_WriteAPDPReg(AP reg 0x00, 0x80000002)
T06C0 000:445.620 - 0.312ms returns 0
T06C0 000:445.650 JLINK_CORESIGHT_WriteAPDPReg(AP reg 0x01, 0x80011140)
T06C0 000:445.941 - 0.291ms returns 0
T06C0 000:445.973 JLINK_CORESIGHT_ReadAPDPReg(AP reg 0x03)
T06C0 000:446.288   Value=0x00000000
T06C0 000:446.311 - 0.337ms returns 0
T06C0 000:446.325 JLINK_CORESIGHT_WriteAPDPReg(AP reg 0x00, 0x80000002)
T06C0 000:446.606 - 0.281ms returns 0
T06C0 000:446.625 JLINK_CORESIGHT_WriteAPDPReg(AP reg 0x01, 0x80011130)
T06C0 000:446.866 - 0.241ms returns 0
T06C0 000:446.896 JLINK_CORESIGHT_ReadAPDPReg(AP reg 0x03)
T06C0 000:447.185   Value=0x0406070A
T06C0 000:447.201 - 0.304ms returns 0
T06C0 000:447.214 JLINK_CORESIGHT_WriteAPDPReg(AP reg 0x00, 0x80000002)
T06C0 000:447.487 - 0.272ms returns 0
T06C0 000:447.502 JLINK_CORESIGHT_WriteAPDPReg(AP reg 0x01, 0x80011140)
T06C0 000:447.738 - 0.236ms returns 0
T06C0 000:447.755 JLINK_CORESIGHT_ReadAPDPReg(AP reg 0x03)
T06C0 000:448.047   Value=0x00000000
T06C0 000:448.062 - 0.307ms returns 0
T06C0 000:448.075 JLINK_CORESIGHT_WriteAPDPReg(AP reg 0x00, 0x80000002)
T06C0 000:448.321 - 0.246ms returns 0
T06C0 000:448.341 JLINK_CORESIGHT_WriteAPDPReg(AP reg 0x01, 0x80011130)
T06C0 000:448.603 - 0.262ms returns 0
T06C0 000:448.617 JLINK_CORESIGHT_ReadAPDPReg(AP reg 0x03)
T06C0 000:448.952   Value=0x3254540B
T06C0 000:449.022 - 0.400ms returns 0
T06C0 000:449.039 JLINK_CORESIGHT_WriteAPDPReg(AP reg 0x00, 0x80000002)
T06C0 000:449.299 - 0.261ms returns 0
T06C0 000:449.324 JLINK_CORESIGHT_WriteAPDPReg(AP reg 0x01, 0x80011140)
T06C0 000:449.609 - 0.285ms returns 0
T06C0 000:449.625 JLINK_CORESIGHT_ReadAPDPReg(AP reg 0x03)
T06C0 000:449.915   Value=0x00000000
T06C0 000:449.930 - 0.305ms returns 0
T06C0 000:449.944 JLINK_CORESIGHT_WriteAPDPReg(AP reg 0x00, 0x80000002)
T06C0 000:450.186 - 0.242ms returns 0
T06C0 000:450.203 JLINK_CORESIGHT_WriteAPDPReg(AP reg 0x01, 0x80011130)
T06C0 000:450.616 - 0.413ms returns 0
T06C0 000:450.664 JLINK_CORESIGHT_ReadAPDPReg(AP reg 0x03)
T06C0 000:451.219   Value=0x54491959
T06C0 000:451.254 - 0.590ms returns 0
T06C0 000:451.279 JLINK_CORESIGHT_WriteAPDPReg(AP reg 0x00, 0x80000002)
T06C0 000:451.521 - 0.242ms returns 0
T06C0 000:451.548 JLINK_CORESIGHT_WriteAPDPReg(AP reg 0x01, 0x80011140)
T06C0 000:451.836 - 0.288ms returns 0
T06C0 000:451.866 JLINK_CORESIGHT_ReadAPDPReg(AP reg 0x03)
T06C0 000:452.170   Value=0x00000000
T06C0 000:452.188 - 0.322ms returns 0
T06C0 000:452.203 JLINK_CORESIGHT_WriteAPDPReg(AP reg 0x00, 0x80000002)
T06C0 000:452.480 - 0.277ms returns 0
T06C0 000:452.499 JLINK_CORESIGHT_WriteAPDPReg(AP reg 0x01, 0x80011130)
T06C0 000:452.746 - 0.246ms returns 0
T06C0 000:452.776 JLINK_CORESIGHT_ReadAPDPReg(AP reg 0x03)
T06C0 000:453.077   Value=0x34325736
T06C0 000:453.096 - 0.320ms returns 0
T06C0 000:453.111 JLINK_CORESIGHT_WriteAPDPReg(AP reg 0x00, 0x80000002)
T06C0 000:453.363 - 0.251ms returns 0
T06C0 000:453.400 JLINK_CORESIGHT_WriteAPDPReg(AP reg 0x01, 0x80011140)
T06C0 000:453.641 - 0.241ms returns 0
T06C0 000:453.661 JLINK_CORESIGHT_ReadAPDPReg(AP reg 0x03)
T06C0 000:453.953   Value=0x00000000
T06C0 000:453.973 - 0.312ms returns 0
T06C0 000:454.638 JLINK_CORESIGHT_WriteAPDPReg(AP reg 0x00, 0x80000002)
T06C0 000:454.893 - 0.255ms returns 0
T06C0 000:454.911 JLINK_CORESIGHT_WriteAPDPReg(AP reg 0x01, 0x80011130)
T06C0 000:455.166 - 0.256ms returns 0
T06C0 000:455.182 JLINK_CORESIGHT_ReadAPDPReg(AP reg 0x03)
T06C0 000:455.474   Value=0x7C082D30
T06C0 000:455.489 - 0.307ms returns 0
T06C0 000:455.502 JLINK_CORESIGHT_WriteAPDPReg(AP reg 0x00, 0x80000002)
T06C0 000:455.732 - 0.230ms returns 0
T06C0 000:455.746 JLINK_CORESIGHT_WriteAPDPReg(AP reg 0x01, 0x80011140)
T06C0 000:455.988 - 0.242ms returns 0
T06C0 000:456.004 JLINK_CORESIGHT_ReadAPDPReg(AP reg 0x03)
T06C0 000:456.320   Value=0x00000000
T06C0 000:456.352 - 0.348ms returns 0
T06C0 000:456.368 JLINK_CORESIGHT_WriteAPDPReg(AP reg 0x00, 0x80000002)
T06C0 000:456.610 - 0.242ms returns 0
T06C0 000:456.628 JLINK_CORESIGHT_WriteAPDPReg(AP reg 0x01, 0x80011130)
T06C0 000:456.952 - 0.323ms returns 0
T06C0 000:456.972 JLINK_CORESIGHT_ReadAPDPReg(AP reg 0x03)
T06C0 000:457.266   Value=0x4B375276
T06C0 000:457.278 - 0.306ms returns 0
T06C0 000:457.289 JLINK_CORESIGHT_WriteAPDPReg(AP reg 0x00, 0x80000002)
T06C0 000:457.541 - 0.252ms returns 0
T06C0 000:457.569 JLINK_CORESIGHT_WriteAPDPReg(AP reg 0x01, 0x80011140)
T06C0 000:457.808 - 0.239ms returns 0
T06C0 000:457.822 JLINK_CORESIGHT_ReadAPDPReg(AP reg 0x03)
T06C0 000:458.110   Value=0x00000000
T06C0 000:458.123 - 0.301ms returns 0
T06C0 000:458.136 JLINK_CORESIGHT_WriteAPDPReg(AP reg 0x00, 0x80000002)
T06C0 000:458.359 - 0.223ms returns 0
T06C0 000:458.374 JLINK_CORESIGHT_WriteAPDPReg(AP reg 0x01, 0x80011130)
T06C0 000:458.608 - 0.234ms returns 0
T06C0 000:458.621 JLINK_CORESIGHT_ReadAPDPReg(AP reg 0x03)
T06C0 000:458.908   Value=0x31503841
T06C0 000:458.923 - 0.301ms returns 0
T06C0 000:458.936 JLINK_CORESIGHT_WriteAPDPReg(AP reg 0x00, 0x80000002)
T06C0 000:459.167 - 0.231ms returns 0
T06C0 000:459.182 JLINK_CORESIGHT_WriteAPDPReg(AP reg 0x01, 0x80011140)
T06C0 000:459.424 - 0.242ms returns 0
T06C0 000:459.440 JLINK_CORESIGHT_ReadAPDPReg(AP reg 0x03)
T06C0 000:459.786   Value=0x00000000
T06C0 000:459.801 - 0.361ms returns 0
T06C0 000:459.814 JLINK_CORESIGHT_WriteAPDPReg(AP reg 0x00, 0x80000002)
T06C0 000:460.057 - 0.243ms returns 0
T06C0 000:460.073 JLINK_CORESIGHT_WriteAPDPReg(AP reg 0x01, 0x80011130)
T06C0 000:460.312 - 0.239ms returns 0
T06C0 000:460.327 JLINK_CORESIGHT_ReadAPDPReg(AP reg 0x03)
T06C0 000:460.612   Value=0x434C464B
T06C0 000:460.627 - 0.300ms returns 0
T06C0 000:460.639 JLINK_CORESIGHT_WriteAPDPReg(AP reg 0x00, 0x80000002)
T06C0 000:460.878 - 0.238ms returns 0
T06C0 000:460.904 JLINK_CORESIGHT_WriteAPDPReg(AP reg 0x01, 0x80011140)
T06C0 000:461.148 - 0.243ms returns 0
T06C0 000:461.163 JLINK_CORESIGHT_ReadAPDPReg(AP reg 0x03)
T06C0 000:461.438   Value=0x00000000
T06C0 000:461.458 - 0.295ms returns 0
T06C0 000:461.474 JLINK_CORESIGHT_WriteAPDPReg(AP reg 0x00, 0x80000002)
T06C0 000:461.725 - 0.252ms returns 0
T06C0 000:461.739 JLINK_CORESIGHT_WriteAPDPReg(AP reg 0x01, 0x80011130)
T06C0 000:461.964 - 0.225ms returns 0
T06C0 000:461.978 JLINK_CORESIGHT_ReadAPDPReg(AP reg 0x03)
T06C0 000:462.252   Value=0x20204341
T06C0 000:462.265 - 0.287ms returns 0
T06C0 000:462.277 JLINK_CORESIGHT_WriteAPDPReg(AP reg 0x00, 0x80000002)
T06C0 000:462.514 - 0.237ms returns 0
T06C0 000:462.531 JLINK_CORESIGHT_WriteAPDPReg(AP reg 0x01, 0x80011140)
T06C0 000:462.803 - 0.272ms returns 0
T06C0 000:462.820 JLINK_CORESIGHT_ReadAPDPReg(AP reg 0x03)
T06C0 000:463.115   Value=0x00000000
T06C0 000:463.138 - 0.318ms returns 0
T06C0 000:463.153 JLINK_CORESIGHT_WriteAPDPReg(AP reg 0x00, 0x80000002)
T06C0 000:463.404 - 0.250ms returns 0
T06C0 000:463.437 JLINK_CORESIGHT_WriteAPDPReg(AP reg 0x01, 0x80011130)
T06C0 000:463.729 - 0.292ms returns 0
T06C0 000:463.750 JLINK_CORESIGHT_ReadAPDPReg(AP reg 0x03)
T06C0 000:464.034   Value=0x00030920
T06C0 000:464.061 - 0.311ms returns 0
T06C0 000:464.174 JLINK_CORESIGHT_WriteAPDPReg(AP reg 0x00, 0x80000002)
T06C0 000:464.417 - 0.243ms returns 0
T06C0 000:464.433 JLINK_CORESIGHT_WriteAPDPReg(AP reg 0x01, 0x80011140)
T06C0 000:464.732 - 0.299ms returns 0
T06C0 000:464.747 JLINK_CORESIGHT_ReadAPDPReg(AP reg 0x03)
T06C0 000:465.038   Value=0x00000002
T06C0 000:465.056 - 0.309ms returns 0
T06C0 000:465.068 JLINK_CORESIGHT_WriteAPDPReg(AP reg 0x00, 0x80000002)
T06C0 000:465.356 - 0.287ms returns 0
T06C0 000:465.387 JLINK_CORESIGHT_WriteAPDPReg(AP reg 0x01, 0x80011120)
T06C0 000:465.652 - 0.265ms returns 0
T06C0 000:465.719 JLINK_CORESIGHT_WriteAPDPReg(AP reg 0x03, 0x39020001)
T06C0 000:466.038 - 0.318ms returns 0
T06C0 000:466.060 JLINK_CORESIGHT_WriteAPDPReg(AP reg 0x00, 0x80000002)
T06C0 000:466.432 - 0.372ms returns 0
T06C0 000:466.462 JLINK_CORESIGHT_WriteAPDPReg(AP reg 0x01, 0x80011140)
T06C0 000:466.739 - 0.277ms returns 0
T06C0 000:466.761 JLINK_CORESIGHT_ReadAPDPReg(AP reg 0x03)
T06C0 000:467.094   Value=0x00000002
T06C0 000:467.192 - 0.431ms returns 0
T06C0 000:467.208 JLINK_CORESIGHT_WriteAPDPReg(AP reg 0x00, 0x80000002)
T06C0 000:467.458 - 0.249ms returns 0
T06C0 000:467.493 JLINK_CORESIGHT_WriteAPDPReg(AP reg 0x01, 0x80011120)
T06C0 000:467.786 - 0.292ms returns 0
T06C0 000:467.830 JLINK_CORESIGHT_WriteAPDPReg(AP reg 0x03, 0x0003B312)
T06C0 000:470.188 - 2.357ms returns 0
T06C0 000:470.221 JLINK_CORESIGHT_WriteAPDPReg(AP reg 0x00, 0x80000002)
T06C0 000:470.496 - 0.275ms returns 0
T06C0 000:470.516 JLINK_CORESIGHT_WriteAPDPReg(AP reg 0x01, 0x80011140)
T06C0 000:470.760 - 0.243ms returns 0
T06C0 000:470.792 JLINK_CORESIGHT_ReadAPDPReg(AP reg 0x03)
T06C0 000:471.083   Value=0x00000000
T06C0 000:471.105 - 0.313ms returns 0
T06C0 000:471.121 JLINK_CORESIGHT_WriteAPDPReg(AP reg 0x00, 0x80000002)
T06C0 000:471.366 - 0.244ms returns 0
T06C0 000:471.382 JLINK_CORESIGHT_WriteAPDPReg(AP reg 0x01, 0x80011130)
T06C0 000:471.609 - 0.227ms returns 0
T06C0 000:471.625 JLINK_CORESIGHT_ReadAPDPReg(AP reg 0x03)
T06C0 000:471.925   Value=0xB90A0081
T06C0 000:471.957 - 0.331ms returns 0
T06C0 000:471.973 JLINK_CORESIGHT_WriteAPDPReg(AP reg 0x00, 0x80000002)
T06C0 000:472.232 - 0.258ms returns 0
T06C0 000:472.263 JLINK_CORESIGHT_WriteAPDPReg(AP reg 0x01, 0x80011140)
T06C0 000:472.522 - 0.258ms returns 0
T06C0 000:472.545 JLINK_CORESIGHT_ReadAPDPReg(AP reg 0x03)
T06C0 000:472.845   Value=0x00000000
T06C0 000:472.871 - 0.326ms returns 0
T06C0 000:472.896 JLINK_CORESIGHT_WriteAPDPReg(AP reg 0x00, 0x80000002)
T06C0 000:473.130 - 0.234ms returns 0
T06C0 000:473.145 JLINK_CORESIGHT_WriteAPDPReg(AP reg 0x01, 0x80011130)
T06C0 000:473.377 - 0.232ms returns 0
T06C0 000:473.391 JLINK_CORESIGHT_ReadAPDPReg(AP reg 0x03)
T06C0 000:473.669   Value=0xFFFFFFC0
T06C0 000:473.691 - 0.299ms returns 0
T06C0 000:473.705 JLINK_CORESIGHT_WriteAPDPReg(AP reg 0x00, 0x80000002)
T06C0 000:473.937 - 0.232ms returns 0
T06C0 000:473.951 JLINK_CORESIGHT_WriteAPDPReg(AP reg 0x01, 0x80011140)
T06C0 000:474.212 - 0.260ms returns 0
T06C0 000:474.241 JLINK_CORESIGHT_ReadAPDPReg(AP reg 0x03)
T06C0 000:474.614   Value=0x00000000
T06C0 000:474.634 - 0.393ms returns 0
T06C0 000:474.648 JLINK_CORESIGHT_WriteAPDPReg(AP reg 0x00, 0x80000002)
T06C0 000:474.907 - 0.259ms returns 0
T06C0 000:474.943 JLINK_CORESIGHT_WriteAPDPReg(AP reg 0x01, 0x80011130)
T06C0 000:475.191 - 0.248ms returns 0
T06C0 000:475.207 JLINK_CORESIGHT_ReadAPDPReg(AP reg 0x03)
T06C0 000:475.523   Value=0xFFFFFFFF
T06C0 000:475.541 - 0.334ms returns 0
T06C0 000:475.554 JLINK_CORESIGHT_WriteAPDPReg(AP reg 0x00, 0x80000002)
T06C0 000:475.788 - 0.234ms returns 0
T06C0 000:475.803 JLINK_CORESIGHT_WriteAPDPReg(AP reg 0x01, 0x80011140)
T06C0 000:476.062 - 0.259ms returns 0
T06C0 000:476.083 JLINK_CORESIGHT_ReadAPDPReg(AP reg 0x03)
T06C0 000:476.376   Value=0x00000000
T06C0 000:476.427 - 0.344ms returns 0
T06C0 000:476.443 JLINK_CORESIGHT_WriteAPDPReg(AP reg 0x00, 0x80000002)
T06C0 000:476.739 - 0.296ms returns 0
T06C0 000:476.758 JLINK_CORESIGHT_WriteAPDPReg(AP reg 0x01, 0x80011130)
T06C0 000:476.994 - 0.237ms returns 0
T06C0 000:477.011 JLINK_CORESIGHT_ReadAPDPReg(AP reg 0x03)
T06C0 000:477.308   Value=0x000385FF
T06C0 000:477.329 - 0.318ms returns 0
T06C0 000:477.428 JLINK_CORESIGHT_WriteAPDPReg(AP reg 0x00, 0x80000002)
T06C0 000:477.733 - 0.305ms returns 0
T06C0 000:477.750 JLINK_CORESIGHT_WriteAPDPReg(AP reg 0x01, 0x80011140)
T06C0 000:477.992 - 0.241ms returns 0
T06C0 000:478.011 JLINK_CORESIGHT_ReadAPDPReg(AP reg 0x03)
T06C0 000:478.296   Value=0x00000002
T06C0 000:478.311 - 0.299ms returns 0
T06C0 000:478.324 JLINK_CORESIGHT_WriteAPDPReg(AP reg 0x00, 0x80000002)
T06C0 000:478.615 - 0.291ms returns 0
T06C0 000:478.636 JLINK_CORESIGHT_WriteAPDPReg(AP reg 0x01, 0x80011120)
T06C0 000:478.909 - 0.271ms returns 0
T06C0 000:478.938 JLINK_CORESIGHT_WriteAPDPReg(AP reg 0x03, 0x2C010001)
T06C0 000:479.181 - 0.243ms returns 0
T06C0 000:479.199 JLINK_CORESIGHT_WriteAPDPReg(AP reg 0x00, 0x80000002)
T06C0 000:479.450 - 0.250ms returns 0
T06C0 000:479.483 JLINK_CORESIGHT_WriteAPDPReg(AP reg 0x01, 0x80011140)
T06C0 000:479.805 - 0.322ms returns 0
T06C0 000:479.833 JLINK_CORESIGHT_ReadAPDPReg(AP reg 0x03)
T06C0 000:480.122   Value=0x00000002
T06C0 000:480.140 - 0.306ms returns 0
T06C0 000:480.161 JLINK_CORESIGHT_WriteAPDPReg(AP reg 0x00, 0x80000002)
T06C0 000:480.486 - 0.325ms returns 0
T06C0 000:480.517 JLINK_CORESIGHT_WriteAPDPReg(AP reg 0x01, 0x80011120)
T06C0 000:480.784 - 0.267ms returns 0
T06C0 000:480.816 JLINK_CORESIGHT_WriteAPDPReg(AP reg 0x03, 0x000003D3)
T06C0 000:481.073 - 0.257ms returns 0
T06C0 000:481.131 JLINK_CORESIGHT_WriteAPDPReg(AP reg 0x00, 0x80000002)
T06C0 000:481.374 - 0.242ms returns 0
T06C0 000:481.398 JLINK_CORESIGHT_WriteAPDPReg(AP reg 0x01, 0x80011140)
T06C0 000:481.614 - 0.216ms returns 0
T06C0 000:481.636 JLINK_CORESIGHT_ReadAPDPReg(AP reg 0x03)
T06C0 000:481.939   Value=0x00000002
T06C0 000:481.963 - 0.326ms returns 0
T06C0 000:481.986 JLINK_CORESIGHT_ReadAPDPReg(AP reg 0x03)
T06C0 000:482.338   Value=0x00000002
T06C0 000:482.355 - 0.370ms returns 0
T06C0 000:482.375 JLINK_CORESIGHT_ReadAPDPReg(AP reg 0x03)
T06C0 000:482.697   Value=0x00000000
T06C0 000:482.721 - 0.345ms returns 0
T06C0 000:482.744 JLINK_CORESIGHT_WriteAPDPReg(AP reg 0x00, 0x80000002)
T06C0 000:482.994 - 0.249ms returns 0
T06C0 000:483.034 JLINK_CORESIGHT_WriteAPDPReg(AP reg 0x01, 0x80011130)
T06C0 000:483.283 - 0.248ms returns 0
T06C0 000:483.315 JLINK_CORESIGHT_ReadAPDPReg(AP reg 0x03)
T06C0 000:483.612   Value=0x2C020081
T06C0 000:483.635 - 0.320ms returns 0
T06C0 000:483.663 JLINK_CORESIGHT_WriteAPDPReg(AP reg 0x00, 0x80000002)
T06C0 000:483.922 - 0.259ms returns 0
T06C0 000:483.953 JLINK_CORESIGHT_WriteAPDPReg(AP reg 0x01, 0x80011140)
T06C0 000:484.220 - 0.266ms returns 0
T06C0 000:484.259 JLINK_CORESIGHT_ReadAPDPReg(AP reg 0x03)
T06C0 000:484.615   Value=0x00000000
T06C0 000:484.644 - 0.385ms returns 0
T06C0 000:485.345 JLINK_CORESIGHT_WriteAPDPReg(AP reg 0x00, 0x80000002)
T06C0 000:485.617 - 0.272ms returns 0
T06C0 000:485.642 JLINK_CORESIGHT_WriteAPDPReg(AP reg 0x01, 0x80011130)
T06C0 000:485.890 - 0.247ms returns 0
T06C0 000:485.921 JLINK_CORESIGHT_ReadAPDPReg(AP reg 0x03)
T06C0 000:486.223   Value=0x0003CE04
T06C0 000:486.244 - 0.323ms returns 0
T06C0 000:486.273 JLINK_CORESIGHT_WriteAPDPReg(AP reg 0x00, 0x80000002)
T06C0 000:486.525 - 0.253ms returns 0
T06C0 000:486.548 JLINK_CORESIGHT_WriteAPDPReg(AP reg 0x01, 0x80011140)
T06C0 000:486.797 - 0.247ms returns 0
T06C0 000:486.824 JLINK_CORESIGHT_ReadAPDPReg(AP reg 0x03)
T06C0 000:487.119   Value=0x00000002
T06C0 000:487.138 - 0.314ms returns 0
T06C0 000:487.153 JLINK_CORESIGHT_WriteAPDPReg(AP reg 0x00, 0x80000002)
T06C0 000:487.406 - 0.253ms returns 0
T06C0 000:487.425 JLINK_CORESIGHT_WriteAPDPReg(AP reg 0x01, 0x80011120)
T06C0 000:487.729 - 0.305ms returns 0
T06C0 000:487.749 JLINK_CORESIGHT_WriteAPDPReg(AP reg 0x03, 0x73010001)
T06C0 000:487.985 - 0.236ms returns 0
T06C0 000:488.001 JLINK_CORESIGHT_WriteAPDPReg(AP reg 0x00, 0x80000002)
T06C0 000:488.251 - 0.249ms returns 0
T06C0 000:488.273 JLINK_CORESIGHT_WriteAPDPReg(AP reg 0x01, 0x80011140)
T06C0 000:488.609 - 0.336ms returns 0
T06C0 000:488.625 JLINK_CORESIGHT_ReadAPDPReg(AP reg 0x03)
T06C0 000:488.922   Value=0x00000002
T06C0 000:488.950 - 0.324ms returns 0
T06C0 000:488.972 JLINK_CORESIGHT_WriteAPDPReg(AP reg 0x00, 0x80000002)
T06C0 000:489.226 - 0.254ms returns 0
T06C0 000:489.256 JLINK_CORESIGHT_WriteAPDPReg(AP reg 0x01, 0x80011120)
T06C0 000:489.496 - 0.240ms returns 0
T06C0 000:489.515 JLINK_CORESIGHT_WriteAPDPReg(AP reg 0x03, 0x0000038C)
T06C0 000:489.790 - 0.275ms returns 0
T06C0 000:489.817 JLINK_CORESIGHT_WriteAPDPReg(AP reg 0x00, 0x80000002)
T06C0 000:490.094 - 0.277ms returns 0
T06C0 000:490.109 JLINK_CORESIGHT_WriteAPDPReg(AP reg 0x01, 0x80011140)
T06C0 000:490.349 - 0.239ms returns 0
T06C0 000:490.377 JLINK_CORESIGHT_ReadAPDPReg(AP reg 0x03)
T06C0 000:490.672   Value=0x00000002
T06C0 000:490.700 - 0.322ms returns 0
T06C0 000:490.717 JLINK_CORESIGHT_ReadAPDPReg(AP reg 0x03)
T06C0 000:491.081   Value=0x00000002
T06C0 000:491.105 - 0.387ms returns 0
T06C0 000:491.119 JLINK_CORESIGHT_ReadAPDPReg(AP reg 0x03)
T06C0 000:491.394   Value=0x00000002
T06C0 000:491.410 - 0.290ms returns 0
T06C0 000:491.423 JLINK_CORESIGHT_ReadAPDPReg(AP reg 0x03)
T06C0 000:491.705   Value=0x00000002
T06C0 000:491.731 - 0.308ms returns 0
T06C0 000:491.747 JLINK_CORESIGHT_ReadAPDPReg(AP reg 0x03)
T06C0 000:492.027   Value=0x00000002
T06C0 000:492.043 - 0.295ms returns 0
T06C0 000:492.056 JLINK_CORESIGHT_ReadAPDPReg(AP reg 0x03)
T06C0 000:492.324   Value=0x00000002
T06C0 000:492.340 - 0.284ms returns 0
T06C0 000:492.353 JLINK_CORESIGHT_ReadAPDPReg(AP reg 0x03)
T06C0 000:492.640   Value=0x00000000
T06C0 000:492.655 - 0.301ms returns 0
T06C0 000:492.668 JLINK_CORESIGHT_WriteAPDPReg(AP reg 0x00, 0x80000002)
T06C0 000:492.912 - 0.244ms returns 0
T06C0 000:492.928 JLINK_CORESIGHT_WriteAPDPReg(AP reg 0x01, 0x80011130)
T06C0 000:493.168 - 0.238ms returns 0
T06C0 000:493.199 JLINK_CORESIGHT_ReadAPDPReg(AP reg 0x03)
T06C0 000:493.493   Value=0x73020081
T06C0 000:493.516 - 0.316ms returns 0
T06C0 000:493.531 JLINK_CORESIGHT_WriteAPDPReg(AP reg 0x00, 0x80000002)
T06C0 000:493.778 - 0.247ms returns 0
T06C0 000:493.802 JLINK_CORESIGHT_WriteAPDPReg(AP reg 0x01, 0x80011140)
T06C0 000:494.051 - 0.248ms returns 0
T06C0 000:494.081 JLINK_CORESIGHT_ReadAPDPReg(AP reg 0x03)
T06C0 000:494.382   Value=0x00000000
T06C0 000:494.400 - 0.319ms returns 0
T06C0 000:494.425 JLINK_CORESIGHT_WriteAPDPReg(AP reg 0x00, 0x80000002)
T06C0 000:494.744 - 0.318ms returns 0
T06C0 000:494.768 JLINK_CORESIGHT_WriteAPDPReg(AP reg 0x01, 0x80011130)
T06C0 000:495.005 - 0.237ms returns 0
T06C0 000:495.022 JLINK_CORESIGHT_ReadAPDPReg(AP reg 0x03)
T06C0 000:495.319   Value=0x00038902
T06C0 000:495.346 - 0.323ms returns 0
T06C0 000:495.363 JLINK_CORESIGHT_WriteAPDPReg(AP reg 0x00, 0x80000002)
T06C0 000:495.613 - 0.250ms returns 0
T06C0 000:495.727 JLINK_CORESIGHT_WriteAPDPReg(AP reg 0x01, 0x80011140)
T06C0 000:496.054 - 0.329ms returns 0
T06C0 000:496.075 JLINK_CORESIGHT_ReadAPDPReg(AP reg 0x03)
T06C0 000:496.430   Value=0x00000002
T06C0 000:496.450 - 0.375ms returns 0
T06C0 000:496.466 JLINK_CORESIGHT_WriteAPDPReg(AP reg 0x00, 0x80000002)
T06C0 000:496.767 - 0.300ms returns 0
T06C0 000:496.793 JLINK_CORESIGHT_WriteAPDPReg(AP reg 0x01, 0x80011120)
T06C0 000:497.067 - 0.273ms returns 0
T06C0 000:497.085 JLINK_CORESIGHT_WriteAPDPReg(AP reg 0x03, 0x75010001)
T06C0 000:497.378 - 0.292ms returns 0
T06C0 000:497.422 JLINK_CORESIGHT_WriteAPDPReg(AP reg 0x00, 0x80000002)
T06C0 000:497.738 - 0.315ms returns 0
T06C0 000:497.772 JLINK_CORESIGHT_WriteAPDPReg(AP reg 0x01, 0x80011140)
T06C0 000:498.085 - 0.313ms returns 0
T06C0 000:498.110 JLINK_CORESIGHT_ReadAPDPReg(AP reg 0x03)
T06C0 000:498.430   Value=0x00000002
T06C0 000:498.453 - 0.342ms returns 0
T06C0 000:498.469 JLINK_CORESIGHT_WriteAPDPReg(AP reg 0x00, 0x80000002)
T06C0 000:498.733 - 0.263ms returns 0
T06C0 000:498.757 JLINK_CORESIGHT_WriteAPDPReg(AP reg 0x01, 0x80011120)
T06C0 000:499.335 - 0.572ms returns 0
T06C0 000:499.371 JLINK_CORESIGHT_WriteAPDPReg(AP reg 0x03, 0x0000038A)
T06C0 000:500.068 - 0.696ms returns 0
T06C0 000:500.160 JLINK_CORESIGHT_WriteAPDPReg(AP reg 0x00, 0x80000002)
T06C0 000:500.421 - 0.272ms returns 0
T06C0 000:500.454 JLINK_CORESIGHT_WriteAPDPReg(AP reg 0x01, 0x80011140)
T06C0 000:500.748 - 0.293ms returns 0
T06C0 000:500.768 JLINK_CORESIGHT_ReadAPDPReg(AP reg 0x03)
T06C0 000:501.139   Value=0x00000002
T06C0 000:501.169 - 0.400ms returns 0
T06C0 000:501.188 JLINK_CORESIGHT_ReadAPDPReg(AP reg 0x03)
T06C0 000:501.477   Value=0x00000002
T06C0 000:501.525 - 0.336ms returns 0
T06C0 000:501.542 JLINK_CORESIGHT_ReadAPDPReg(AP reg 0x03)
T06C0 000:501.836   Value=0x00000002
T06C0 000:501.853 - 0.311ms returns 0
T06C0 000:501.866 JLINK_CORESIGHT_ReadAPDPReg(AP reg 0x03)
T06C0 000:502.141   Value=0x00000000
T06C0 000:502.162 - 0.295ms returns 0
T06C0 000:502.176 JLINK_CORESIGHT_WriteAPDPReg(AP reg 0x00, 0x80000002)
T06C0 000:502.459 - 0.281ms returns 0
T06C0 000:502.506 JLINK_CORESIGHT_WriteAPDPReg(AP reg 0x01, 0x80011130)
T06C0 000:502.771 - 0.265ms returns 0
T06C0 000:502.793 JLINK_CORESIGHT_ReadAPDPReg(AP reg 0x03)
T06C0 000:503.090   Value=0x75020081
T06C0 000:503.107 - 0.314ms returns 0
T06C0 000:503.122 JLINK_CORESIGHT_WriteAPDPReg(AP reg 0x00, 0x80000002)
T06C0 000:503.373 - 0.251ms returns 0
T06C0 000:503.399 JLINK_CORESIGHT_WriteAPDPReg(AP reg 0x01, 0x80011140)
T06C0 000:503.651 - 0.252ms returns 0
T06C0 000:503.669 JLINK_CORESIGHT_ReadAPDPReg(AP reg 0x03)
T06C0 000:503.960   Value=0x00000000
T06C0 000:503.981 - 0.312ms returns 0
T06C0 000:503.995 JLINK_CORESIGHT_WriteAPDPReg(AP reg 0x00, 0x80000002)
T06C0 000:504.251 - 0.257ms returns 0
T06C0 000:504.275 JLINK_CORESIGHT_WriteAPDPReg(AP reg 0x01, 0x80011130)
T06C0 000:504.662 - 0.386ms returns 0
T06C0 000:504.694 JLINK_CORESIGHT_ReadAPDPReg(AP reg 0x03)
T06C0 000:505.052   Value=0x00038702
T06C0 000:505.070 - 0.376ms returns 0
T06C0 000:505.101 JLINK_CORESIGHT_WriteAPDPReg(AP reg 0x00, 0x80000002)
T06C0 000:507.159 - 2.039ms returns 0
T06C0 000:507.192 JLINK_CORESIGHT_WriteAPDPReg(AP reg 0x01, 0x80011140)
T06C0 000:507.624 - 0.431ms returns 0
T06C0 000:507.660 JLINK_CORESIGHT_ReadAPDPReg(AP reg 0x03)
T06C0 000:507.986   Value=0x00000002
T06C0 000:508.004 - 0.344ms returns 0
T06C0 000:508.020 JLINK_CORESIGHT_WriteAPDPReg(AP reg 0x00, 0x80000002)
T06C0 000:508.270 - 0.249ms returns 0
T06C0 000:508.291 JLINK_CORESIGHT_WriteAPDPReg(AP reg 0x01, 0x80011120)
T06C0 000:508.618 - 0.326ms returns 0
T06C0 000:508.651 JLINK_CORESIGHT_WriteAPDPReg(AP reg 0x03, 0x4F010001)
T06C0 000:508.891 - 0.240ms returns 0
T06C0 000:508.910 JLINK_CORESIGHT_WriteAPDPReg(AP reg 0x00, 0x80000002)
T06C0 000:509.145 - 0.235ms returns 0
T06C0 000:509.165 JLINK_CORESIGHT_WriteAPDPReg(AP reg 0x01, 0x80011140)
T06C0 000:509.402 - 0.238ms returns 0
T06C0 000:509.418 JLINK_CORESIGHT_ReadAPDPReg(AP reg 0x03)
T06C0 000:509.697   Value=0x00000002
T06C0 000:509.718 - 0.299ms returns 0
T06C0 000:509.732 JLINK_CORESIGHT_WriteAPDPReg(AP reg 0x00, 0x80000002)
T06C0 000:509.969 - 0.237ms returns 0
T06C0 000:509.984 JLINK_CORESIGHT_WriteAPDPReg(AP reg 0x01, 0x80011120)
T06C0 000:510.221 - 0.237ms returns 0
T06C0 000:510.237 JLINK_CORESIGHT_WriteAPDPReg(AP reg 0x03, 0x000003B0)
T06C0 000:510.492 - 0.254ms returns 0
T06C0 000:510.525 JLINK_CORESIGHT_WriteAPDPReg(AP reg 0x00, 0x80000002)
T06C0 000:510.775 - 0.251ms returns 0
T06C0 000:510.795 JLINK_CORESIGHT_WriteAPDPReg(AP reg 0x01, 0x80011140)
T06C0 000:511.097 - 0.301ms returns 0
T06C0 000:511.117 JLINK_CORESIGHT_ReadAPDPReg(AP reg 0x03)
T06C0 000:511.622   Value=0x00000002
T06C0 000:511.642 - 0.524ms returns 0
T06C0 000:511.667 JLINK_CORESIGHT_ReadAPDPReg(AP reg 0x03)
T06C0 000:511.967   Value=0x00000002
T06C0 000:511.984 - 0.318ms returns 0
T06C0 000:512.005 JLINK_CORESIGHT_ReadAPDPReg(AP reg 0x03)
T06C0 000:512.278   Value=0x00000002
T06C0 000:512.296 - 0.290ms returns 0
T06C0 000:512.317 JLINK_CORESIGHT_ReadAPDPReg(AP reg 0x03)
T06C0 000:512.642   Value=0x00000002
T06C0 000:512.659 - 0.342ms returns 0
T06C0 000:512.680 JLINK_CORESIGHT_ReadAPDPReg(AP reg 0x03)
T06C0 000:512.947   Value=0x00000002
T06C0 000:512.964 - 0.283ms returns 0
T06C0 000:512.983 JLINK_CORESIGHT_ReadAPDPReg(AP reg 0x03)
T06C0 000:513.252   Value=0x00000002
T06C0 000:513.275 - 0.291ms returns 0
T06C0 000:514.009 JLINK_CORESIGHT_ReadAPDPReg(AP reg 0x03)
T06C0 000:514.305   Value=0x00000000
T06C0 000:514.334 - 0.325ms returns 0
T06C0 000:514.352 JLINK_CORESIGHT_WriteAPDPReg(AP reg 0x00, 0x80000002)
T06C0 000:514.664 - 0.311ms returns 0
T06C0 000:514.683 JLINK_CORESIGHT_WriteAPDPReg(AP reg 0x01, 0x80011130)
T06C0 000:514.927 - 0.245ms returns 0
T06C0 000:514.942 JLINK_CORESIGHT_ReadAPDPReg(AP reg 0x03)
T06C0 000:515.234   Value=0x4F0B0081
T06C0 000:515.254 - 0.311ms returns 0
T06C0 000:515.269 JLINK_CORESIGHT_WriteAPDPReg(AP reg 0x00, 0x80000002)
T06C0 000:515.511 - 0.242ms returns 0
T06C0 000:515.530 JLINK_CORESIGHT_WriteAPDPReg(AP reg 0x01, 0x80011140)
T06C0 000:515.779 - 0.248ms returns 0
T06C0 000:515.816 JLINK_CORESIGHT_ReadAPDPReg(AP reg 0x03)
T06C0 000:516.117   Value=0x00000000
T06C0 000:516.135 - 0.320ms returns 0
T06C0 000:516.150 JLINK_CORESIGHT_WriteAPDPReg(AP reg 0x00, 0x80000002)
T06C0 000:516.401 - 0.251ms returns 0
T06C0 000:516.421 JLINK_CORESIGHT_WriteAPDPReg(AP reg 0x01, 0x80011130)
T06C0 000:516.671 - 0.250ms returns 0
T06C0 000:516.690 JLINK_CORESIGHT_ReadAPDPReg(AP reg 0x03)
T06C0 000:516.991   Value=0xA0000000
T06C0 000:517.009 - 0.318ms returns 0
T06C0 000:517.024 JLINK_CORESIGHT_WriteAPDPReg(AP reg 0x00, 0x80000002)
T06C0 000:517.263 - 0.238ms returns 0
T06C0 000:517.291 JLINK_CORESIGHT_WriteAPDPReg(AP reg 0x01, 0x80011140)
T06C0 000:517.614 - 0.323ms returns 0
T06C0 000:517.634 JLINK_CORESIGHT_ReadAPDPReg(AP reg 0x03)
T06C0 000:517.935   Value=0x00000000
T06C0 000:517.952 - 0.318ms returns 0
T06C0 000:517.967 JLINK_CORESIGHT_WriteAPDPReg(AP reg 0x00, 0x80000002)
T06C0 000:518.209 - 0.243ms returns 0
T06C0 000:518.228 JLINK_CORESIGHT_WriteAPDPReg(AP reg 0x01, 0x80011130)
T06C0 000:518.508 - 0.280ms returns 0
T06C0 000:518.526 JLINK_CORESIGHT_ReadAPDPReg(AP reg 0x03)
T06C0 000:518.819   Value=0x00000000
T06C0 000:518.844 - 0.318ms returns 0
T06C0 000:518.859 JLINK_CORESIGHT_WriteAPDPReg(AP reg 0x00, 0x80000002)
T06C0 000:519.153 - 0.294ms returns 0
T06C0 000:519.189 JLINK_CORESIGHT_WriteAPDPReg(AP reg 0x01, 0x80011140)
T06C0 000:519.432 - 0.243ms returns 0
T06C0 000:519.459 JLINK_CORESIGHT_ReadAPDPReg(AP reg 0x03)
T06C0 000:519.804   Value=0x00000000
T06C0 000:519.830 - 0.371ms returns 0
T06C0 000:519.847 JLINK_CORESIGHT_WriteAPDPReg(AP reg 0x00, 0x80000002)
T06C0 000:520.087 - 0.240ms returns 0
T06C0 000:520.107 JLINK_CORESIGHT_WriteAPDPReg(AP reg 0x01, 0x80011130)
T06C0 000:520.359 - 0.252ms returns 0
T06C0 000:520.381 JLINK_CORESIGHT_ReadAPDPReg(AP reg 0x03)
T06C0 000:520.672   Value=0x03060000
T06C0 000:520.689 - 0.308ms returns 0
T06C0 000:520.821 JLINK_CORESIGHT_ReadAPDPReg(DP reg 0x01)
T06C0 000:521.071   Value=0xF0000F40
T06C0 000:521.089 - 0.269ms returns 0
T06C0 000:521.104 JLINK_CORESIGHT_WriteAPDPReg(DP reg 0x01, 0xA0000F40)
T06C0 000:521.349 - 0.245ms returns 0
T06C0 000:521.373 JLINK_CORESIGHT_ReadAPDPReg(DP reg 0x01)
T06C0 000:521.617   Value=0x00000F40
T06C0 000:521.637 - 0.264ms returns 0
T06C0 000:521.652 JLINK_ClrRESET()
T06C0 000:521.947 - 0.295ms 
T06C0 000:633.233 JLINK_Close()
T06C0 000:642.859 - 9.625ms
T06C0 000:642.892   
T06C0 000:642.900   Closed
